2026-03-22 11:49:45 [main] INFO : Starting the postUserValidation
2026-03-22 11:49:50 [main] INFO : finished the postUserValidation
2026-03-22 11:49:50 [main] INFO : Starting the postUserValidation
2026-03-22 11:49:52 [main] INFO : finished the postUserValidation
2026-03-22 11:49:52 [main] INFO : Starting the postUserValidation
2026-03-22 11:49:53 [main] INFO : finished the postUserValidation
2026-03-22 11:49:53 [main] INFO : Starting the getUserValidation
2026-03-22 11:49:55 [main] INFO : finished the getUserValidation
2026-03-22 11:49:55 [main] INFO : Starting the getUserValidation
2026-03-22 11:49:57 [main] INFO : finished the getUserValidation
2026-03-22 11:49:57 [main] INFO : Starting the getUserValidation
2026-03-22 11:49:58 [main] INFO : finished the getUserValidation
2026-03-22 11:49:58 [main] INFO : Starting the deleteUserValidation
2026-03-22 11:50:01 [main] INFO : finished the deleteUserValidation
2026-03-22 11:50:01 [main] INFO : Starting the deleteUserValidation
2026-03-22 11:50:03 [main] INFO : finished the deleteUserValidation
2026-03-22 11:50:03 [main] INFO : Starting the deleteUserValidation
2026-03-22 11:50:04 [main] INFO : finished the deleteUserValidation
2026-03-22 11:51:02 [main] DEBUG: Parsing relationship: /xl/_rels/workbook.xml.rels
2026-03-22 11:51:02 [main] DEBUG: Parsing relationship: /xl/worksheets/_rels/sheet1.xml.rels
2026-03-22 11:51:02 [main] DEBUG: Parsing relationship: /_rels/.rels
2026-03-22 11:51:03 [main] INFO : Starting the postUserValidation
2026-03-22 11:51:08 [main] INFO : finished the postUserValidation
2026-03-22 11:51:08 [main] INFO : Starting the postUserValidation
2026-03-22 11:51:10 [main] INFO : finished the postUserValidation
2026-03-22 11:51:10 [main] INFO : Starting the postUserValidation
2026-03-22 11:51:12 [main] INFO : finished the postUserValidation
2026-03-22 11:51:12 [main] DEBUG: Parsing relationship: /xl/_rels/workbook.xml.rels
2026-03-22 11:51:12 [main] DEBUG: Parsing relationship: /xl/worksheets/_rels/sheet1.xml.rels
2026-03-22 11:51:12 [main] DEBUG: Parsing relationship: /_rels/.rels
2026-03-22 11:51:12 [main] INFO : Starting the getUserValidation
2026-03-22 11:51:14 [main] INFO : finished the getUserValidation
2026-03-22 11:51:14 [main] INFO : Starting the getUserValidation
2026-03-22 11:51:16 [main] INFO : finished the getUserValidation
2026-03-22 11:51:16 [main] INFO : Starting the getUserValidation
2026-03-22 11:51:17 [main] INFO : finished the getUserValidation
2026-03-22 11:51:17 [main] DEBUG: Parsing relationship: /xl/_rels/workbook.xml.rels
2026-03-22 11:51:17 [main] DEBUG: Parsing relationship: /xl/worksheets/_rels/sheet1.xml.rels
2026-03-22 11:51:17 [main] DEBUG: Parsing relationship: /_rels/.rels
2026-03-22 11:51:17 [main] INFO : Starting the deleteUserValidation
2026-03-22 11:51:19 [main] DEBUG: done
2026-03-22 11:51:19 [main] INFO : finished the deleteUserValidation
2026-03-22 11:51:19 [main] INFO : Starting the deleteUserValidation
2026-03-22 11:51:21 [main] DEBUG: done
2026-03-22 11:51:21 [main] INFO : finished the deleteUserValidation
2026-03-22 11:51:21 [main] INFO : Starting the deleteUserValidation
2026-03-22 11:51:23 [main] DEBUG: done
2026-03-22 11:51:23 [main] INFO : finished the deleteUserValidation
